<?xml version="1.0" encoding="UTF-8"?>
<!-- Generated by org.testng.reporters.JUnitReportReporter -->
<testsuite hostname="MBPro.local" failures="0" tests="3" name="actualTests.SubmitOrderTest" time="16.023" errors="0" timestamp="2024-12-20T17:49:25 IST" skipped="0">
  <testcase classname="actualTests.SubmitOrderTest" name="submitOrder" time="7.638"/>
  <testcase classname="actualTests.SubmitOrderTest" name="OrderHistory" time="2.951"/>
  <testcase classname="actualTests.SubmitOrderTest" name="submitOrder" time="5.434"/>
</testsuite> <!-- actualTests.SubmitOrderTest -->
