<?xml version="1.0" encoding="UTF-8"?>
<!-- Generated by org.testng.reporters.JUnitReportReporter -->
<testsuite hostname="MBPro.local" failures="0" tests="1" name="actualTests.Erroorvalidations" time="5.985" errors="0" timestamp="2024-12-19T16:40:15 IST" skipped="0">
  <testcase classname="actualTests.Erroorvalidations" name="submitOrder" time="5.985"/>
</testsuite> <!-- actualTests.Erroorvalidations -->
