<?xml version="1.0" encoding="UTF-8"?>
<!-- Generated by org.testng.reporters.JUnitReportReporter -->
<testsuite hostname="MBPro.local" failures="0" tests="2" name="actualTests.SubmitOrderTest" time="13.260" errors="0" timestamp="2024-12-20T23:58:00 IST" skipped="0">
  <testcase classname="actualTests.SubmitOrderTest" name="submitOrder" time="7.731"/>
  <testcase classname="actualTests.SubmitOrderTest" name="submitOrder" time="5.529"/>
</testsuite> <!-- actualTests.SubmitOrderTest -->
