<?xml version="1.0" encoding="UTF-8"?>
<!-- Generated by org.testng.reporters.JUnitReportReporter -->
<testsuite hostname="MBPro.local" failures="0" tests="3" name="actualTests.SubmitOrderTest" time="15.178" errors="0" timestamp="2024-12-20T22:00:32 IST" skipped="0">
  <testcase classname="actualTests.SubmitOrderTest" name="OrderHistory" time="2.340"/>
  <testcase classname="actualTests.SubmitOrderTest" name="submitOrder" time="7.342"/>
  <testcase classname="actualTests.SubmitOrderTest" name="submitOrder" time="5.496"/>
</testsuite> <!-- actualTests.SubmitOrderTest -->
